Analysis & Synthesis report for problem2
Wed Nov 29 14:06:44 2023
Quartus II 64-Bit Version 13.0.1 Build 232 06/12/2013 Service Pack 1 SJ Web Edition


---------------------
; Table of Contents ;
---------------------
  1. Legal Notice
  2. Analysis & Synthesis Summary
  3. Analysis & Synthesis Settings
  4. Parallel Compilation
  5. Analysis & Synthesis Source Files Read
  6. Analysis & Synthesis Resource Usage Summary
  7. Analysis & Synthesis Resource Utilization by Entity
  8. State Machine - |problem2|fsm:inst5|yfsm
  9. Registers Removed During Synthesis
 10. General Register Statistics
 11. Multiplexer Restructuring Statistics (Restructuring Performed)
 12. Elapsed Time Per Partition
 13. Analysis & Synthesis Messages



----------------
; Legal Notice ;
----------------
Copyright (C) 1991-2013 Altera Corporation
Your use of Altera Corporation's design tools, logic functions 
and other software and tools, and its AMPP partner logic 
functions, and any output files from any of the foregoing 
(including device programming or simulation files), and any 
associated documentation or information are expressly subject 
to the terms and conditions of the Altera Program License 
Subscription Agreement, Altera MegaCore Function License 
Agreement, or other applicable license agreement, including, 
without limitation, that your use is for the sole purpose of 
programming logic devices manufactured by Altera and sold by 
Altera or its authorized distributors.  Please refer to the 
applicable agreement for further details.



+--------------------------------------------------------------------------------------+
; Analysis & Synthesis Summary                                                         ;
+------------------------------------+-------------------------------------------------+
; Analysis & Synthesis Status        ; Successful - Wed Nov 29 14:06:44 2023           ;
; Quartus II 64-Bit Version          ; 13.0.1 Build 232 06/12/2013 SP 1 SJ Web Edition ;
; Revision Name                      ; problem2                                        ;
; Top-level Entity Name              ; problem2                                        ;
; Family                             ; Cyclone II                                      ;
; Total logic elements               ; 158                                             ;
;     Total combinational functions  ; 133                                             ;
;     Dedicated logic registers      ; 35                                              ;
; Total registers                    ; 35                                              ;
; Total pins                         ; 50                                              ;
; Total virtual pins                 ; 0                                               ;
; Total memory bits                  ; 0                                               ;
; Embedded Multiplier 9-bit elements ; 0                                               ;
; Total PLLs                         ; 0                                               ;
+------------------------------------+-------------------------------------------------+


+----------------------------------------------------------------------------------------------------------------------+
; Analysis & Synthesis Settings                                                                                        ;
+----------------------------------------------------------------------------+--------------------+--------------------+
; Option                                                                     ; Setting            ; Default Value      ;
+----------------------------------------------------------------------------+--------------------+--------------------+
; Device                                                                     ; EP2C35F672C6       ;                    ;
; Top-level entity name                                                      ; problem2           ; problem2           ;
; Family name                                                                ; Cyclone II         ; Cyclone IV GX      ;
; Use smart compilation                                                      ; Off                ; Off                ;
; Enable parallel Assembler and TimeQuest Timing Analyzer during compilation ; On                 ; On                 ;
; Enable compact report table                                                ; Off                ; Off                ;
; Restructure Multiplexers                                                   ; Auto               ; Auto               ;
; Create Debugging Nodes for IP Cores                                        ; Off                ; Off                ;
; Preserve fewer node names                                                  ; On                 ; On                 ;
; Disable OpenCore Plus hardware evaluation                                  ; Off                ; Off                ;
; Verilog Version                                                            ; Verilog_2001       ; Verilog_2001       ;
; VHDL Version                                                               ; VHDL_1993          ; VHDL_1993          ;
; State Machine Processing                                                   ; Auto               ; Auto               ;
; Safe State Machine                                                         ; Off                ; Off                ;
; Extract Verilog State Machines                                             ; On                 ; On                 ;
; Extract VHDL State Machines                                                ; On                 ; On                 ;
; Ignore Verilog initial constructs                                          ; Off                ; Off                ;
; Iteration limit for constant Verilog loops                                 ; 5000               ; 5000               ;
; Iteration limit for non-constant Verilog loops                             ; 250                ; 250                ;
; Add Pass-Through Logic to Inferred RAMs                                    ; On                 ; On                 ;
; Infer RAMs from Raw Logic                                                  ; On                 ; On                 ;
; Parallel Synthesis                                                         ; On                 ; On                 ;
; DSP Block Balancing                                                        ; Auto               ; Auto               ;
; NOT Gate Push-Back                                                         ; On                 ; On                 ;
; Power-Up Don't Care                                                        ; On                 ; On                 ;
; Remove Redundant Logic Cells                                               ; Off                ; Off                ;
; Remove Duplicate Registers                                                 ; On                 ; On                 ;
; Ignore CARRY Buffers                                                       ; Off                ; Off                ;
; Ignore CASCADE Buffers                                                     ; Off                ; Off                ;
; Ignore GLOBAL Buffers                                                      ; Off                ; Off                ;
; Ignore ROW GLOBAL Buffers                                                  ; Off                ; Off                ;
; Ignore LCELL Buffers                                                       ; Off                ; Off                ;
; Ignore SOFT Buffers                                                        ; On                 ; On                 ;
; Limit AHDL Integers to 32 Bits                                             ; Off                ; Off                ;
; Optimization Technique                                                     ; Balanced           ; Balanced           ;
; Carry Chain Length                                                         ; 70                 ; 70                 ;
; Auto Carry Chains                                                          ; On                 ; On                 ;
; Auto Open-Drain Pins                                                       ; On                 ; On                 ;
; Perform WYSIWYG Primitive Resynthesis                                      ; Off                ; Off                ;
; Auto ROM Replacement                                                       ; On                 ; On                 ;
; Auto RAM Replacement                                                       ; On                 ; On                 ;
; Auto Shift Register Replacement                                            ; Auto               ; Auto               ;
; Allow Shift Register Merging across Hierarchies                            ; Auto               ; Auto               ;
; Auto Clock Enable Replacement                                              ; On                 ; On                 ;
; Strict RAM Replacement                                                     ; Off                ; Off                ;
; Allow Synchronous Control Signals                                          ; On                 ; On                 ;
; Force Use of Synchronous Clear Signals                                     ; Off                ; Off                ;
; Auto RAM to Logic Cell Conversion                                          ; Off                ; Off                ;
; Auto Resource Sharing                                                      ; Off                ; Off                ;
; Allow Any RAM Size For Recognition                                         ; Off                ; Off                ;
; Allow Any ROM Size For Recognition                                         ; Off                ; Off                ;
; Allow Any Shift Register Size For Recognition                              ; Off                ; Off                ;
; Use LogicLock Constraints during Resource Balancing                        ; On                 ; On                 ;
; Ignore translate_off and synthesis_off directives                          ; Off                ; Off                ;
; Timing-Driven Synthesis                                                    ; Off                ; Off                ;
; Report Parameter Settings                                                  ; On                 ; On                 ;
; Report Source Assignments                                                  ; On                 ; On                 ;
; Report Connectivity Checks                                                 ; On                 ; On                 ;
; Ignore Maximum Fan-Out Assignments                                         ; Off                ; Off                ;
; Synchronization Register Chain Length                                      ; 2                  ; 2                  ;
; PowerPlay Power Optimization                                               ; Normal compilation ; Normal compilation ;
; HDL message level                                                          ; Level2             ; Level2             ;
; Suppress Register Optimization Related Messages                            ; Off                ; Off                ;
; Number of Removed Registers Reported in Synthesis Report                   ; 5000               ; 5000               ;
; Number of Swept Nodes Reported in Synthesis Report                         ; 5000               ; 5000               ;
; Number of Inverted Registers Reported in Synthesis Report                  ; 100                ; 100                ;
; Clock MUX Protection                                                       ; On                 ; On                 ;
; Auto Gated Clock Conversion                                                ; Off                ; Off                ;
; Block Design Naming                                                        ; Auto               ; Auto               ;
; SDC constraint protection                                                  ; Off                ; Off                ;
; Synthesis Effort                                                           ; Auto               ; Auto               ;
; Shift Register Replacement - Allow Asynchronous Clear Signal               ; On                 ; On                 ;
; Pre-Mapping Resynthesis Optimization                                       ; Off                ; Off                ;
; Analysis & Synthesis Message Level                                         ; Medium             ; Medium             ;
; Disable Register Merging Across Hierarchies                                ; Auto               ; Auto               ;
; Resource Aware Inference For Block RAM                                     ; On                 ; On                 ;
; Synthesis Seed                                                             ; 1                  ; 1                  ;
+----------------------------------------------------------------------------+--------------------+--------------------+


Parallel compilation was disabled, but you have multiple processors available. Enable parallel compilation to reduce compilation time.
+-------------------------------------+
; Parallel Compilation                ;
+----------------------------+--------+
; Processors                 ; Number ;
+----------------------------+--------+
; Number detected on machine ; 8      ;
; Maximum allowed            ; 1      ;
+----------------------------+--------+


+-----------------------------------------------------------------------------------------------------------------------------------------------------------------------------------+
; Analysis & Synthesis Source Files Read                                                                                                                                            ;
+----------------------------------+-----------------+------------------------------------------+-------------------------------------------------------------------------+---------+
; File Name with User-Entered Path ; Used in Netlist ; File Type                                ; File Name with Absolute Path                                            ; Library ;
+----------------------------------+-----------------+------------------------------------------+-------------------------------------------------------------------------+---------+
; problem2.bdf                     ; yes             ; User Block Diagram/Schematic File        ; C:/Users/exper/Desktop/COE328 Labs/Lab 6/problem2/problem2/problem2.bdf ;         ;
; sseg.vhd                         ; yes             ; Auto-Found VHDL File                     ; c:/users/exper/desktop/coe328 labs/lab 6/sseg/sseg.vhd                  ;         ;
; alu2.vhd                         ; yes             ; Auto-Found VHDL File                     ; c:/users/exper/desktop/coe328 labs/lab 6/problem2/alu2/alu2.vhd         ;         ;
; latch1.vhd                       ; yes             ; Auto-Found VHDL File                     ; c:/users/exper/desktop/coe328 labs/lab 6/latch/latch1.vhd               ;         ;
; 4to16decoder.bdf                 ; yes             ; Auto-Found Block Diagram/Schematic File  ; c:/users/exper/desktop/coe328 labs/lab 6/decoder/4to16decoder.bdf       ;         ;
; 3to8decoder.bdf                  ; yes             ; Auto-Found Block Diagram/Schematic File  ; c:/users/exper/desktop/coe328 labs/lab 6/decoder/3to8decoder.bdf        ;         ;
; decoder.vhd                      ; yes             ; Auto-Found VHDL File                     ; c:/users/exper/desktop/coe328 labs/lab 6/decoder/decoder.vhd            ;         ;
; fsm.vhd                          ; yes             ; Auto-Found VHDL File                     ; c:/users/exper/desktop/coe328 labs/lab 6/fsm/fsm.vhd                    ;         ;
+----------------------------------+-----------------+------------------------------------------+-------------------------------------------------------------------------+---------+


+-----------------------------------------------------+
; Analysis & Synthesis Resource Usage Summary         ;
+---------------------------------------------+-------+
; Resource                                    ; Usage ;
+---------------------------------------------+-------+
; Estimated Total logic elements              ; 158   ;
;                                             ;       ;
; Total combinational functions               ; 133   ;
; Logic element usage by number of LUT inputs ;       ;
;     -- 4 input functions                    ; 77    ;
;     -- 3 input functions                    ; 24    ;
;     -- <=2 input functions                  ; 32    ;
;                                             ;       ;
; Logic elements by mode                      ;       ;
;     -- normal mode                          ; 108   ;
;     -- arithmetic mode                      ; 25    ;
;                                             ;       ;
; Total registers                             ; 35    ;
;     -- Dedicated logic registers            ; 35    ;
;     -- I/O registers                        ; 0     ;
;                                             ;       ;
; I/O pins                                    ; 50    ;
; Embedded Multiplier 9-bit elements          ; 0     ;
; Maximum fan-out node                        ; Clock ;
; Maximum fan-out                             ; 35    ;
; Total fan-out                               ; 569   ;
; Average fan-out                             ; 2.61  ;
+---------------------------------------------+-------+


+--------------------------------------------------------------------------------------------------------------------------------------------------------------------------------+
; Analysis & Synthesis Resource Utilization by Entity                                                                                                                            ;
+----------------------------+-------------------+--------------+-------------+--------------+---------+-----------+------+--------------+------------------------+--------------+
; Compilation Hierarchy Node ; LC Combinationals ; LC Registers ; Memory Bits ; DSP Elements ; DSP 9x9 ; DSP 18x18 ; Pins ; Virtual Pins ; Full Hierarchy Name    ; Library Name ;
+----------------------------+-------------------+--------------+-------------+--------------+---------+-----------+------+--------------+------------------------+--------------+
; |problem2                  ; 133 (0)           ; 35 (0)       ; 0           ; 0            ; 0       ; 0         ; 50   ; 0            ; |problem2              ; work         ;
;    |ALU2:inst7|            ; 106 (106)         ; 8 (8)        ; 0           ; 0            ; 0       ; 0         ; 0    ; 0            ; |problem2|ALU2:inst7   ; work         ;
;    |fsm:inst5|             ; 8 (8)             ; 11 (11)      ; 0           ; 0            ; 0       ; 0         ; 0    ; 0            ; |problem2|fsm:inst5    ; work         ;
;    |latch1:inst1|          ; 0 (0)             ; 8 (8)        ; 0           ; 0            ; 0       ; 0         ; 0    ; 0            ; |problem2|latch1:inst1 ; work         ;
;    |latch1:inst|           ; 0 (0)             ; 8 (8)        ; 0           ; 0            ; 0       ; 0         ; 0    ; 0            ; |problem2|latch1:inst  ; work         ;
;    |sseg:inst2|            ; 5 (5)             ; 0 (0)        ; 0           ; 0            ; 0       ; 0         ; 0    ; 0            ; |problem2|sseg:inst2   ; work         ;
;    |sseg:inst3|            ; 7 (7)             ; 0 (0)        ; 0           ; 0            ; 0       ; 0         ; 0    ; 0            ; |problem2|sseg:inst3   ; work         ;
;    |sseg:inst4|            ; 7 (7)             ; 0 (0)        ; 0           ; 0            ; 0       ; 0         ; 0    ; 0            ; |problem2|sseg:inst4   ; work         ;
+----------------------------+-------------------+--------------+-------------+--------------+---------+-----------+------+--------------+------------------------+--------------+
Note: For table entries with two numbers listed, the numbers in parentheses indicate the number of resources of the given type used by the specific entity alone. The numbers listed outside of parentheses indicate the total resources of the given type used by the specific entity and all of its sub-entities in the hierarchy.


Encoding Type:  One-Hot
+-------------------------------------------------------------------------------------------------------------------------+
; State Machine - |problem2|fsm:inst5|yfsm                                                                                ;
+----------+----------+---------+---------+---------+---------+---------+---------+---------+---------+---------+---------+
; Name     ; yfsm.s10 ; yfsm.s9 ; yfsm.s8 ; yfsm.s7 ; yfsm.s6 ; yfsm.s5 ; yfsm.s4 ; yfsm.s3 ; yfsm.s2 ; yfsm.s1 ; yfsm.s0 ;
+----------+----------+---------+---------+---------+---------+---------+---------+---------+---------+---------+---------+
; yfsm.s0  ; 0        ; 0       ; 0       ; 0       ; 0       ; 0       ; 0       ; 0       ; 0       ; 0       ; 0       ;
; yfsm.s1  ; 0        ; 0       ; 0       ; 0       ; 0       ; 0       ; 0       ; 0       ; 0       ; 1       ; 1       ;
; yfsm.s2  ; 0        ; 0       ; 0       ; 0       ; 0       ; 0       ; 0       ; 0       ; 1       ; 0       ; 1       ;
; yfsm.s3  ; 0        ; 0       ; 0       ; 0       ; 0       ; 0       ; 0       ; 1       ; 0       ; 0       ; 1       ;
; yfsm.s4  ; 0        ; 0       ; 0       ; 0       ; 0       ; 0       ; 1       ; 0       ; 0       ; 0       ; 1       ;
; yfsm.s5  ; 0        ; 0       ; 0       ; 0       ; 0       ; 1       ; 0       ; 0       ; 0       ; 0       ; 1       ;
; yfsm.s6  ; 0        ; 0       ; 0       ; 0       ; 1       ; 0       ; 0       ; 0       ; 0       ; 0       ; 1       ;
; yfsm.s7  ; 0        ; 0       ; 0       ; 1       ; 0       ; 0       ; 0       ; 0       ; 0       ; 0       ; 1       ;
; yfsm.s8  ; 0        ; 0       ; 1       ; 0       ; 0       ; 0       ; 0       ; 0       ; 0       ; 0       ; 1       ;
; yfsm.s9  ; 0        ; 1       ; 0       ; 0       ; 0       ; 0       ; 0       ; 0       ; 0       ; 0       ; 1       ;
; yfsm.s10 ; 1        ; 0       ; 0       ; 0       ; 0       ; 0       ; 0       ; 0       ; 0       ; 0       ; 1       ;
+----------+----------+---------+---------+---------+---------+---------+---------+---------+---------+---------+---------+


+--------------------------------------------------------------------------------+
; Registers Removed During Synthesis                                             ;
+---------------------------------------+----------------------------------------+
; Register name                         ; Reason for Removal                     ;
+---------------------------------------+----------------------------------------+
; ALU2:inst7|Neg                        ; Stuck at GND due to stuck port data_in ;
; Total Number of Removed Registers = 1 ;                                        ;
+---------------------------------------+----------------------------------------+


+------------------------------------------------------+
; General Register Statistics                          ;
+----------------------------------------------+-------+
; Statistic                                    ; Value ;
+----------------------------------------------+-------+
; Total registers                              ; 35    ;
; Number of registers using Synchronous Clear  ; 0     ;
; Number of registers using Synchronous Load   ; 0     ;
; Number of registers using Asynchronous Clear ; 27    ;
; Number of registers using Asynchronous Load  ; 0     ;
; Number of registers using Clock Enable       ; 11    ;
; Number of registers using Preset             ; 0     ;
+----------------------------------------------+-------+


+----------------------------------------------------------------------------------------------------------------------------------------------+
; Multiplexer Restructuring Statistics (Restructuring Performed)                                                                               ;
+--------------------+-----------+---------------+----------------------+------------------------+------------+--------------------------------+
; Multiplexer Inputs ; Bus Width ; Baseline Area ; Area if Restructured ; Saving if Restructured ; Registered ; Example Multiplexer Output     ;
+--------------------+-----------+---------------+----------------------+------------------------+------------+--------------------------------+
; 33:1               ; 2 bits    ; 44 LEs        ; 18 LEs               ; 26 LEs                 ; Yes        ; |problem2|ALU2:inst7|Result[7] ;
; 13:1               ; 2 bits    ; 16 LEs        ; 14 LEs               ; 2 LEs                  ; Yes        ; |problem2|ALU2:inst7|Result[5] ;
; 13:1               ; 3 bits    ; 24 LEs        ; 24 LEs               ; 0 LEs                  ; Yes        ; |problem2|ALU2:inst7|Result[3] ;
+--------------------+-----------+---------------+----------------------+------------------------+------------+--------------------------------+


+-------------------------------+
; Elapsed Time Per Partition    ;
+----------------+--------------+
; Partition Name ; Elapsed Time ;
+----------------+--------------+
; Top            ; 00:00:00     ;
+----------------+--------------+


+-------------------------------+
; Analysis & Synthesis Messages ;
+-------------------------------+
Info: *******************************************************************
Info: Running Quartus II 64-Bit Analysis & Synthesis
    Info: Version 13.0.1 Build 232 06/12/2013 Service Pack 1 SJ Web Edition
    Info: Processing started: Wed Nov 29 14:06:41 2023
Info: Command: quartus_map --read_settings_files=on --write_settings_files=off problem2 -c problem2
Warning (20028): Parallel compilation is not licensed and has been disabled
Info (12021): Found 1 design units, including 1 entities, in source file problem2.bdf
    Info (12023): Found entity 1: problem2
Info (12127): Elaborating entity "problem2" for the top level hierarchy
Warning (275008): Primitive "GND" of instance "inst10" not used
Warning (275008): Primitive "GND" of instance "inst9" not used
Warning (12125): Using design file /users/exper/desktop/coe328 labs/lab 6/sseg/sseg.vhd, which is not specified as a design file for the current project, but contains definitions for 2 design units and 1 entities in project
    Info (12022): Found design unit 1: sseg-Behavior
    Info (12023): Found entity 1: sseg
Info (12128): Elaborating entity "sseg" for hierarchy "sseg:inst3"
Warning (12125): Using design file /users/exper/desktop/coe328 labs/lab 6/problem2/alu2/alu2.vhd, which is not specified as a design file for the current project, but contains definitions for 2 design units and 1 entities in project
    Info (12022): Found design unit 1: ALU2-calculation
    Info (12023): Found entity 1: ALU2
Info (12128): Elaborating entity "ALU2" for hierarchy "ALU2:inst7"
Warning (12125): Using design file /users/exper/desktop/coe328 labs/lab 6/latch/latch1.vhd, which is not specified as a design file for the current project, but contains definitions for 2 design units and 1 entities in project
    Info (12022): Found design unit 1: latch1-Behavior
    Info (12023): Found entity 1: latch1
Info (12128): Elaborating entity "latch1" for hierarchy "latch1:inst"
Warning (12125): Using design file /users/exper/desktop/coe328 labs/lab 6/decoder/4to16decoder.bdf, which is not specified as a design file for the current project, but contains definitions for 1 design units and 1 entities in project
    Info (12023): Found entity 1: 4to16decoder
Info (12128): Elaborating entity "4to16decoder" for hierarchy "4to16decoder:inst6"
Warning (12125): Using design file /users/exper/desktop/coe328 labs/lab 6/decoder/3to8decoder.bdf, which is not specified as a design file for the current project, but contains definitions for 1 design units and 1 entities in project
    Info (12023): Found entity 1: 3to8decoder
Info (12128): Elaborating entity "3to8decoder" for hierarchy "4to16decoder:inst6|3to8decoder:inst"
Warning (12125): Using design file /users/exper/desktop/coe328 labs/lab 6/decoder/decoder.vhd, which is not specified as a design file for the current project, but contains definitions for 2 design units and 1 entities in project
    Info (12022): Found design unit 1: decoder-Behavior
    Info (12023): Found entity 1: decoder
Info (12128): Elaborating entity "decoder" for hierarchy "4to16decoder:inst6|3to8decoder:inst|decoder:inst"
Warning (12125): Using design file /users/exper/desktop/coe328 labs/lab 6/fsm/fsm.vhd, which is not specified as a design file for the current project, but contains definitions for 2 design units and 1 entities in project
    Info (12022): Found design unit 1: fsm-fsm
    Info (12023): Found entity 1: fsm
Info (12128): Elaborating entity "fsm" for hierarchy "fsm:inst5"
Warning (13024): Output pins are stuck at VCC or GND
    Warning (13410): Pin "Sign[0]" is stuck at VCC
    Warning (13410): Pin "Sign[1]" is stuck at VCC
    Warning (13410): Pin "Sign[2]" is stuck at VCC
    Warning (13410): Pin "Sign[3]" is stuck at VCC
    Warning (13410): Pin "Sign[4]" is stuck at VCC
    Warning (13410): Pin "Sign[5]" is stuck at VCC
    Warning (13410): Pin "Sign[6]" is stuck at VCC
Warning (20013): Ignored assignments for entity "problem1" -- entity does not exist in design
    Warning (20014): Assignment for entity set_instance_assignment -name PARTITION_HIERARCHY root_partition -to | -entity problem1 -section_id Top was ignored
    Warning (20014): Assignment for entity set_global_assignment -name PARTITION_NETLIST_TYPE SOURCE -entity problem1 -section_id Top was ignored
    Warning (20014): Assignment for entity set_global_assignment -name PARTITION_FITTER_PRESERVATION_LEVEL PLACEMENT_AND_ROUTING -entity problem1 -section_id Top was ignored
    Warning (20014): Assignment for entity set_global_assignment -name PARTITION_PRESERVE_HIGH_SPEED_TILES ON -entity problem1 -section_id Top was ignored
    Warning (20014): Assignment for entity set_global_assignment -name PARTITION_IGNORE_SOURCE_FILE_CHANGES OFF -entity problem1 -section_id Top was ignored
    Warning (20014): Assignment for entity set_global_assignment -name PARTITION_ALWAYS_USE_QXP_NETLIST OFF -entity problem1 -section_id Top was ignored
    Warning (20014): Assignment for entity set_global_assignment -name PARTITION_COLOR 16764057 -entity problem1 -section_id Top was ignored
    Warning (20014): Assignment for entity set_global_assignment -name PARTITION_IMPORT_ASSIGNMENTS ON -entity problem1 -section_id Top was ignored
    Warning (20014): Assignment for entity set_global_assignment -name PARTITION_IMPORT_EXISTING_ASSIGNMENTS REPLACE_CONFLICTING -entity problem1 -section_id Top was ignored
    Warning (20014): Assignment for entity set_global_assignment -name PARTITION_IMPORT_EXISTING_LOGICLOCK_REGIONS UPDATE_CONFLICTING -entity problem1 -section_id Top was ignored
    Warning (20014): Assignment for entity set_global_assignment -name PARTITION_IMPORT_PIN_ASSIGNMENTS ON -entity problem1 -section_id Top was ignored
    Warning (20014): Assignment for entity set_global_assignment -name PARTITION_IMPORT_PROMOTE_ASSIGNMENTS ON -entity problem1 -section_id Top was ignored
    Warning (20014): Assignment for entity set_global_assignment -name PARTITION_TYPE STANDARD_PARTITION -entity problem1 -section_id Top was ignored
    Warning (20014): Assignment for entity set_global_assignment -name ALLOW_MULTIPLE_PERSONAS OFF -entity problem1 -section_id Top was ignored
    Warning (20014): Assignment for entity set_global_assignment -name PARTITION_ASD_REGION_ID 1 -entity problem1 -section_id Top was ignored
    Warning (20014): Assignment for entity set_global_assignment -name CROSS_BOUNDARY_OPTIMIZATIONS OFF -entity problem1 -section_id Top was ignored
    Warning (20014): Assignment for entity set_global_assignment -name PROPAGATE_CONSTANTS_ON_INPUTS ON -entity problem1 -section_id Top was ignored
    Warning (20014): Assignment for entity set_global_assignment -name PROPAGATE_INVERSIONS_ON_INPUTS ON -entity problem1 -section_id Top was ignored
    Warning (20014): Assignment for entity set_global_assignment -name REMOVE_LOGIC_ON_UNCONNECTED_OUTPUTS ON -entity problem1 -section_id Top was ignored
    Warning (20014): Assignment for entity set_global_assignment -name MERGE_EQUIVALENT_INPUTS ON -entity problem1 -section_id Top was ignored
    Warning (20014): Assignment for entity set_global_assignment -name MERGE_EQUIVALENT_BIDIRS ON -entity problem1 -section_id Top was ignored
    Warning (20014): Assignment for entity set_global_assignment -name ABSORB_PATHS_FROM_OUTPUTS_TO_INPUTS ON -entity problem1 -section_id Top was ignored
    Warning (20014): Assignment for entity set_global_assignment -name PARTITION_EXTRACT_HARD_BLOCK_NODES ON -entity problem1 -section_id Top was ignored
Info (16010): Generating hard_block partition "hard_block:auto_generated_inst"
    Info (16011): Adding 0 node(s), including 0 DDIO, 0 PLL, 0 transceiver and 0 LCELL
Info (21057): Implemented 208 device resources after synthesis - the final resource count might be different
    Info (21058): Implemented 22 input pins
    Info (21059): Implemented 28 output pins
    Info (21061): Implemented 158 logic cells
Info: Quartus II 64-Bit Analysis & Synthesis was successful. 0 errors, 42 warnings
    Info: Peak virtual memory: 4652 megabytes
    Info: Processing ended: Wed Nov 29 14:06:44 2023
    Info: Elapsed time: 00:00:03
    Info: Total CPU time (on all processors): 00:00:02


